<?xml version="1.0" encoding="UTF-8"?>
<!-- Generated by org.testng.reporters.JUnitReportReporter -->
<testsuite hostname="DESKTOP-KPGCM6D" name="com.websystique.springmvc.controller.AppControllerTest" tests="10" failures="0" timestamp="8 Jul 2019 20:18:58 GMT" time="0.046" errors="0">
  <testcase name="saveTrainerWithValidationError" time="0.000" classname="com.websystique.springmvc.controller.AppControllerTest"/>
  <testcase name="updateTrainerWithValidationErrorNonUniqueSSN" time="0.000" classname="com.websystique.springmvc.controller.AppControllerTest"/>
  <testcase name="editTrainer" time="0.030" classname="com.websystique.springmvc.controller.AppControllerTest"/>
  <testcase name="deleteTrainer" time="0.006" classname="com.websystique.springmvc.controller.AppControllerTest"/>
  <testcase name="newTrainer" time="0.000" classname="com.websystique.springmvc.controller.AppControllerTest"/>
  <testcase name="saveTrainerWithValidationErrorNonUniqueSSN" time="0.008" classname="com.websystique.springmvc.controller.AppControllerTest"/>
  <testcase name="updateTrainerWithSuccess" time="0.000" classname="com.websystique.springmvc.controller.AppControllerTest"/>
  <testcase name="updateTrainerWithValidationError" time="0.000" classname="com.websystique.springmvc.controller.AppControllerTest"/>
  <testcase name="listTrainers" time="0.002" classname="com.websystique.springmvc.controller.AppControllerTest"/>
  <testcase name="saveTrainerWithSuccess" time="0.000" classname="com.websystique.springmvc.controller.AppControllerTest"/>
</testsuite> <!-- com.websystique.springmvc.controller.AppControllerTest -->
