<?xml version="1.0" encoding="UTF-8"?>
<!-- Generated by org.testng.reporters.JUnitReportReporter -->
<testsuite hostname="DESKTOP-KPGCM6D" name="com.websystique.springmvc.service.TrainerServiceImplTest" tests="7" failures="0" timestamp="8 Jul 2019 20:18:58 GMT" time="0.005" errors="0">
  <testcase name="deleteTrainerBySsn" time="0.000" classname="com.websystique.springmvc.service.TrainerServiceImplTest"/>
  <testcase name="findAllTrainers" time="0.000" classname="com.websystique.springmvc.service.TrainerServiceImplTest"/>
  <testcase name="saveTrainer" time="0.000" classname="com.websystique.springmvc.service.TrainerServiceImplTest"/>
  <testcase name="findById" time="0.000" classname="com.websystique.springmvc.service.TrainerServiceImplTest"/>
  <testcase name="findTrainerBySsn" time="0.000" classname="com.websystique.springmvc.service.TrainerServiceImplTest"/>
  <testcase name="isTrainerSsnUnique" time="0.000" classname="com.websystique.springmvc.service.TrainerServiceImplTest"/>
  <testcase name="updateTrainer" time="0.005" classname="com.websystique.springmvc.service.TrainerServiceImplTest"/>
</testsuite> <!-- com.websystique.springmvc.service.TrainerServiceImplTest -->
