<?xml version="1.0" encoding="UTF-8" ?>
<testsuite tests="34" failures="1" name="TestSuite" time="3.086" errors="0" skipped="16">
  <properties>
    <property name="java.runtime.name" value="Java(TM) SE Runtime Environment"/>
    <property name="sun.boot.library.path" value="C:\Program Files\Java\jdk1.8.0_162\jre\bin"/>
    <property name="java.vm.version" value="25.162-b12"/>
    <property name="java.vm.vendor" value="Oracle Corporation"/>
    <property name="java.vendor.url" value="http://java.oracle.com/"/>
    <property name="path.separator" value=";"/>
    <property name="guice.disable.misplaced.annotation.check" value="true"/>
    <property name="java.vm.name" value="Java HotSpot(TM) 64-Bit Server VM"/>
    <property name="file.encoding.pkg" value="sun.io"/>
    <property name="user.script" value=""/>
    <property name="user.country" value="GB"/>
    <property name="sun.java.launcher" value="SUN_STANDARD"/>
    <property name="sun.os.patch.level" value=""/>
    <property name="java.vm.specification.name" value="Java Virtual Machine Specification"/>
    <property name="user.dir" value="C:\Users\stefa\Downloads\CB8\Java Web\SpringHibernateTrainers"/>
    <property name="java.runtime.version" value="1.8.0_162-b12"/>
    <property name="java.awt.graphicsenv" value="sun.awt.Win32GraphicsEnvironment"/>
    <property name="java.endorsed.dirs" value="C:\Program Files\Java\jdk1.8.0_162\jre\lib\endorsed"/>
    <property name="os.arch" value="amd64"/>
    <property name="java.io.tmpdir" value="C:\Users\stefa\AppData\Local\Temp\"/>
    <property name="line.separator" value="
"/>
    <property name="java.vm.specification.vendor" value="Oracle Corporation"/>
    <property name="user.variant" value=""/>
    <property name="os.name" value="Windows 10"/>
    <property name="maven.ext.class.path" value="C:\NetBeans 8.2\java\maven-nblib\netbeans-eventspy.jar"/>
    <property name="classworlds.conf" value="C:\NetBeans 8.2\java\maven\bin\m2.conf"/>
    <property name="sun.jnu.encoding" value="Cp1252"/>
    <property name="java.library.path" value="C:\Program Files\Java\jdk1.8.0_162\bin;C:\WINDOWS\Sun\Java\bin;C:\WINDOWS\system32;C:\WINDOWS;C:\Program Files\Java\jdk1.8.0_162\bin;C:\WINDOWS\system32;C:\WINDOWS;C:\WINDOWS\System32\Wbem;C:\WINDOWS\System32\WindowsPowerShell\v1.0\;C:\WINDOWS\System32\OpenSSH\;C:\Program Files\Microsoft VS Code\bin;C:\Program Files\Git\cmd;C:\Program Files\MySQL\MySQL Server 5.7\bin;C:\Program Files (x86)\Intel\Intel(R) Management Engine Components\DAL;C:\Program Files\Intel\Intel(R) Management Engine Components\DAL;C:\Program Files\MySQL\MySQL Shell 8.0\bin\;C:\Users\stefa\AppData\Local\GitHubDesktop\bin;."/>
    <property name="java.specification.name" value="Java Platform API Specification"/>
    <property name="java.class.version" value="52.0"/>
    <property name="sun.management.compiler" value="HotSpot 64-Bit Tiered Compilers"/>
    <property name="os.version" value="10.0"/>
    <property name="user.home" value="C:\Users\stefa"/>
    <property name="user.timezone" value="Europe/Athens"/>
    <property name="java.awt.printerjob" value="sun.awt.windows.WPrinterJob"/>
    <property name="java.specification.version" value="1.8"/>
    <property name="file.encoding" value="Cp1252"/>
    <property name="user.name" value="stefa"/>
    <property name="java.class.path" value="C:\NetBeans 8.2\java\maven\boot\plexus-classworlds-2.4.jar"/>
    <property name="java.vm.specification.version" value="1.8"/>
    <property name="sun.arch.data.model" value="64"/>
    <property name="java.home" value="C:\Program Files\Java\jdk1.8.0_162\jre"/>
    <property name="sun.java.command" value="org.codehaus.plexus.classworlds.launcher.Launcher -Dmaven.ext.class.path=C:\NetBeans 8.2\java\maven-nblib\netbeans-eventspy.jar clean install"/>
    <property name="java.specification.vendor" value="Oracle Corporation"/>
    <property name="user.language" value="en"/>
    <property name="awt.toolkit" value="sun.awt.windows.WToolkit"/>
    <property name="java.vm.info" value="mixed mode"/>
    <property name="java.version" value="1.8.0_162"/>
    <property name="java.ext.dirs" value="C:\Program Files\Java\jdk1.8.0_162\jre\lib\ext;C:\WINDOWS\Sun\Java\lib\ext"/>
    <property name="sun.boot.class.path" value="C:\Program Files\Java\jdk1.8.0_162\jre\lib\resources.jar;C:\Program Files\Java\jdk1.8.0_162\jre\lib\rt.jar;C:\Program Files\Java\jdk1.8.0_162\jre\lib\sunrsasign.jar;C:\Program Files\Java\jdk1.8.0_162\jre\lib\jsse.jar;C:\Program Files\Java\jdk1.8.0_162\jre\lib\jce.jar;C:\Program Files\Java\jdk1.8.0_162\jre\lib\charsets.jar;C:\Program Files\Java\jdk1.8.0_162\jre\lib\jfr.jar;C:\Program Files\Java\jdk1.8.0_162\jre\classes"/>
    <property name="java.vendor" value="Oracle Corporation"/>
    <property name="maven.home" value="C:\NetBeans 8.2\java\maven"/>
    <property name="file.separator" value="\"/>
    <property name="java.vendor.url.bug" value="http://bugreport.sun.com/bugreport/"/>
    <property name="sun.cpu.endian" value="little"/>
    <property name="sun.io.unicode.encoding" value="UnicodeLittle"/>
    <property name="sun.desktop" value="windows"/>
    <property name="sun.cpu.isalist" value="amd64"/>
  </properties>
  <testcase classname="com.websystique.springmvc.controller.AppControllerTest" name="deleteTrainer" time="0.006"/>
  <testcase classname="com.websystique.springmvc.controller.AppControllerTest" name="editTrainer" time="0.03"/>
  <testcase classname="com.websystique.springmvc.controller.AppControllerTest" name="listTrainers" time="0.002"/>
  <testcase classname="com.websystique.springmvc.controller.AppControllerTest" name="newTrainer" time="0"/>
  <testcase classname="com.websystique.springmvc.controller.AppControllerTest" name="saveTrainerWithSuccess" time="0"/>
  <testcase classname="com.websystique.springmvc.controller.AppControllerTest" name="saveTrainerWithValidationError" time="0"/>
  <testcase classname="com.websystique.springmvc.controller.AppControllerTest" name="saveTrainerWithValidationErrorNonUniqueSSN" time="0.008"/>
  <testcase classname="com.websystique.springmvc.controller.AppControllerTest" name="updateTrainerWithSuccess" time="0"/>
  <testcase classname="com.websystique.springmvc.controller.AppControllerTest" name="updateTrainerWithValidationError" time="0"/>
  <testcase classname="com.websystique.springmvc.controller.AppControllerTest" name="updateTrainerWithValidationErrorNonUniqueSSN" time="0"/>
  <testcase classname="com.websystique.springmvc.dao.TrainerDaoImplTest" name="setUp" time="1.904">
    <failure message="employee" type="org.dbunit.dataset.NoSuchTableException">org.dbunit.dataset.NoSuchTableException: employee
	at org.dbunit.database.DatabaseDataSet.getTableMetaData(DatabaseDataSet.java:192)
	at org.dbunit.operation.DeleteAllOperation.execute(DeleteAllOperation.java:98)
	at org.dbunit.operation.CompositeOperation.execute(CompositeOperation.java:67)
	at com.websystique.springmvc.dao.EntityDaoImplTest.setUp(EntityDaoImplTest.java:27)
	at sun.reflect.NativeMethodAccessorImpl.invoke0(Native Method)
	at sun.reflect.NativeMethodAccessorImpl.invoke(NativeMethodAccessorImpl.java:62)
	at sun.reflect.DelegatingMethodAccessorImpl.invoke(DelegatingMethodAccessorImpl.java:43)
	at java.lang.reflect.Method.invoke(Method.java:498)
	at org.testng.internal.MethodInvocationHelper.invokeMethod(MethodInvocationHelper.java:85)
	at org.testng.internal.Invoker.invokeConfigurationMethod(Invoker.java:517)
	at org.testng.internal.Invoker.invokeConfigurations(Invoker.java:213)
	at org.testng.internal.Invoker.invokeMethod(Invoker.java:601)
	at org.testng.internal.Invoker.invokeTestMethod(Invoker.java:845)
	at org.testng.internal.Invoker.invokeTestMethods(Invoker.java:1153)
	at org.testng.internal.TestMethodWorker.invokeTestMethods(TestMethodWorker.java:125)
	at org.testng.internal.TestMethodWorker.run(TestMethodWorker.java:108)
	at org.testng.TestRunner.privateRun(TestRunner.java:771)
	at org.testng.TestRunner.run(TestRunner.java:621)
	at org.testng.SuiteRunner.runTest(SuiteRunner.java:357)
	at org.testng.SuiteRunner.runSequentially(SuiteRunner.java:352)
	at org.testng.SuiteRunner.privateRun(SuiteRunner.java:310)
	at org.testng.SuiteRunner.run(SuiteRunner.java:259)
	at org.testng.SuiteRunnerWorker.runSuite(SuiteRunnerWorker.java:52)
	at org.testng.SuiteRunnerWorker.run(SuiteRunnerWorker.java:86)
	at org.testng.TestNG.runSuitesSequentially(TestNG.java:1199)
	at org.testng.TestNG.runSuitesLocally(TestNG.java:1124)
	at org.testng.TestNG.run(TestNG.java:1032)
	at org.apache.maven.surefire.testng.TestNGExecutor.run(TestNGExecutor.java:70)
	at org.apache.maven.surefire.testng.TestNGDirectoryTestSuite.executeMulti(TestNGDirectoryTestSuite.java:158)
	at org.apache.maven.surefire.testng.TestNGDirectoryTestSuite.execute(TestNGDirectoryTestSuite.java:98)
	at org.apache.maven.surefire.testng.TestNGProvider.invoke(TestNGProvider.java:111)
	at sun.reflect.NativeMethodAccessorImpl.invoke0(Native Method)
	at sun.reflect.NativeMethodAccessorImpl.invoke(NativeMethodAccessorImpl.java:62)
	at sun.reflect.DelegatingMethodAccessorImpl.invoke(DelegatingMethodAccessorImpl.java:43)
	at java.lang.reflect.Method.invoke(Method.java:498)
	at org.apache.maven.surefire.util.ReflectionUtils.invokeMethodWithArray(ReflectionUtils.java:164)
	at org.apache.maven.surefire.booter.ProviderFactory$ProviderProxy.invoke(ProviderFactory.java:110)
	at org.apache.maven.surefire.booter.SurefireStarter.invokeProvider(SurefireStarter.java:175)
	at org.apache.maven.surefire.booter.SurefireStarter.runSuitesInProcessWhenForked(SurefireStarter.java:107)
	at org.apache.maven.surefire.booter.ForkedBooter.main(ForkedBooter.java:68)
</failure>
    <system-err>Jul 08, 2019 11:18:56 PM org.springframework.context.support.GenericApplicationContext prepareRefresh
INFO: Refreshing org.springframework.context.support.GenericApplicationContext@478190fc: startup date [Mon Jul 08 23:18:56 EEST 2019]; root of context hierarchy
Jul 08, 2019 11:18:57 PM org.springframework.jdbc.datasource.DriverManagerDataSource setDriverClassName
INFO: Loaded JDBC driver: org.h2.Driver
Jul 08, 2019 11:18:57 PM org.hibernate.annotations.common.reflection.java.JavaReflectionManager &lt;clinit&gt;
INFO: HCANN000001: Hibernate Commons Annotations {4.0.5.Final}
Jul 08, 2019 11:18:57 PM org.hibernate.Version logVersion
INFO: HHH000412: Hibernate Core {4.3.6.Final}
Jul 08, 2019 11:18:57 PM org.hibernate.cfg.Environment &lt;clinit&gt;
INFO: HHH000206: hibernate.properties not found
Jul 08, 2019 11:18:57 PM org.hibernate.cfg.Environment buildBytecodeProvider
INFO: HHH000021: Bytecode provider name : javassist
Jul 08, 2019 11:18:57 PM org.hibernate.dialect.Dialect &lt;init&gt;
INFO: HHH000400: Using dialect: org.hibernate.dialect.H2Dialect
Jul 08, 2019 11:18:57 PM org.hibernate.engine.transaction.internal.TransactionFactoryInitiator initiateService
INFO: HHH000399: Using default transaction strategy (direct JDBC transactions)
Jul 08, 2019 11:18:57 PM org.hibernate.hql.internal.ast.ASTQueryTranslatorFactory &lt;init&gt;
INFO: HHH000397: Using ASTQueryTranslatorFactory
Jul 08, 2019 11:18:57 PM org.hibernate.validator.internal.util.Version &lt;clinit&gt;
INFO: HV000001: Hibernate Validator 5.1.3.Final
Jul 08, 2019 11:18:58 PM org.hibernate.tool.hbm2ddl.SchemaExport execute
INFO: HHH000227: Running hbm2ddl schema export
Jul 08, 2019 11:18:58 PM org.hibernate.tool.hbm2ddl.SchemaExport execute
INFO: HHH000230: Schema export complete
Jul 08, 2019 11:18:58 PM org.springframework.orm.hibernate4.HibernateTransactionManager afterPropertiesSet
INFO: Using DataSource [org.springframework.jdbc.datasource.DriverManagerDataSource@ff6077] of Hibernate SessionFactory for HibernateTransactionManager
Jul 08, 2019 11:18:58 PM org.springframework.test.context.transaction.TransactionalTestExecutionListener startNewTransaction
INFO: Began transaction (1) for test context [DefaultTestContext@8c46918 testClass = TrainerDaoImplTest, testInstance = com.websystique.springmvc.dao.TrainerDaoImplTest@6321e813, testMethod = deleteTrainerByInvalidSsn@TrainerDaoImplTest, testException = [null], mergedContextConfiguration = [MergedContextConfiguration@226b143b testClass = TrainerDaoImplTest, locations = &apos;{}&apos;, classes = &apos;{class com.websystique.springmvc.configuration.HibernateTestConfiguration}&apos;, contextInitializerClasses = &apos;[]&apos;, activeProfiles = &apos;{}&apos;, contextLoader = &apos;org.springframework.test.context.support.DelegatingSmartContextLoader&apos;, parent = [null]]]; transaction manager [org.springframework.orm.hibernate4.HibernateTransactionManager@682bd3c4]; rollback [true]
</system-err>
  </testcase>
  <testcase classname="com.websystique.springmvc.dao.TrainerDaoImplTest" name="deleteTrainerByInvalidSsn" time="0">
    <skipped/>
  </testcase>
  <testcase classname="com.websystique.springmvc.dao.TrainerDaoImplTest" name="springTestContextBeforeTestMethod" time="0">
    <skipped/>
  </testcase>
  <testcase classname="com.websystique.springmvc.dao.TrainerDaoImplTest" name="setUp" time="0.008">
    <skipped/>
  </testcase>
  <testcase classname="com.websystique.springmvc.dao.TrainerDaoImplTest" name="deleteTrainerBySsn" time="0">
    <skipped/>
  </testcase>
  <testcase classname="com.websystique.springmvc.dao.TrainerDaoImplTest" name="springTestContextBeforeTestMethod" time="0">
    <skipped/>
  </testcase>
  <testcase classname="com.websystique.springmvc.dao.TrainerDaoImplTest" name="setUp" time="0">
    <skipped/>
  </testcase>
  <testcase classname="com.websystique.springmvc.dao.TrainerDaoImplTest" name="findAllTrainers" time="0">
    <skipped/>
  </testcase>
  <testcase classname="com.websystique.springmvc.dao.TrainerDaoImplTest" name="springTestContextBeforeTestMethod" time="0.002">
    <skipped/>
  </testcase>
  <testcase classname="com.websystique.springmvc.dao.TrainerDaoImplTest" name="setUp" time="0.002">
    <skipped/>
  </testcase>
  <testcase classname="com.websystique.springmvc.dao.TrainerDaoImplTest" name="findById" time="0">
    <skipped/>
  </testcase>
  <testcase classname="com.websystique.springmvc.dao.TrainerDaoImplTest" name="springTestContextBeforeTestMethod" time="0">
    <skipped/>
  </testcase>
  <testcase classname="com.websystique.springmvc.dao.TrainerDaoImplTest" name="setUp" time="0">
    <skipped/>
  </testcase>
  <testcase classname="com.websystique.springmvc.dao.TrainerDaoImplTest" name="findTrainerBySsn" time="0">
    <skipped/>
  </testcase>
  <testcase classname="com.websystique.springmvc.dao.TrainerDaoImplTest" name="springTestContextBeforeTestMethod" time="0.001">
    <skipped/>
  </testcase>
  <testcase classname="com.websystique.springmvc.dao.TrainerDaoImplTest" name="setUp" time="0.001">
    <skipped/>
  </testcase>
  <testcase classname="com.websystique.springmvc.dao.TrainerDaoImplTest" name="saveTrainer" time="0">
    <skipped/>
  </testcase>
  <testcase classname="com.websystique.springmvc.service.TrainerServiceImplTest" name="deleteTrainerBySsn" time="0"/>
  <testcase classname="com.websystique.springmvc.service.TrainerServiceImplTest" name="findAllTrainers" time="0"/>
  <testcase classname="com.websystique.springmvc.service.TrainerServiceImplTest" name="findById" time="0"/>
  <testcase classname="com.websystique.springmvc.service.TrainerServiceImplTest" name="findTrainerBySsn" time="0.008"/>
  <testcase classname="com.websystique.springmvc.service.TrainerServiceImplTest" name="isTrainerSsnUnique" time="0"/>
  <testcase classname="com.websystique.springmvc.service.TrainerServiceImplTest" name="saveTrainer" time="0"/>
  <testcase classname="com.websystique.springmvc.service.TrainerServiceImplTest" name="updateTrainer" time="0"/>
</testsuite>